  Reading Qt configuration (F:\Qt\Qt5.14.0\5.14.0\msvc2017_64\bin\qmake.exe)
  uic DischargerForm.ui
  uic OrderForm.ui
  uic ServerForm.ui
  uic ShipmentPortForm.ui
  uic SortTableForm.ui
  uic WCSSimulator.ui
  rcc WCSSimulator.qrc
  moc WCSSimulator.h
  moc ServerForm.h
  moc DischargerForm.h
   RCC: Warning: No resources in 'H:\Project\Qt\ShenYangQuickHigh\Source\WCSSimulator\WCSSimulator.qrc'.
  moc SortTableForm.h
  moc ShipmentPortForm.h
  moc OrderForm.h
  DischargerForm.cpp
  main.cpp
  OrderForm.cpp
  ServerForm.cpp
  ShipmentPortForm.cpp
  SortTableForm.cpp
  WCSSimulator.cpp
  qrc_WCSSimulator.cpp
  moc_WCSSimulator.cpp
  moc_ServerForm.cpp
  moc_DischargerForm.cpp
  moc_SortTableForm.cpp
  moc_ShipmentPortForm.cpp
  moc_OrderForm.cpp
  WCSSimulator.vcxproj -> H:\Project\Qt\ShenYangQuickHigh\Source\x64\Debug\WCSSimulator.exe
